{"numFailedTestSuites":0,"numFailedTests":0,"numPassedTestSuites":1,"numPassedTests":4,"numPendingTestSuites":0,"numPendingTests":0,"numRuntimeErrorTestSuites":0,"numTodoTests":0,"numTotalTestSuites":1,"numTotalTests":4,"openHandles":[],"snapshot":{"added":0,"didUpdate":false,"failure":false,"filesAdded":0,"filesRemoved":0,"filesRemovedList":[],"filesUnmatched":0,"filesUpdated":0,"matched":0,"total":0,"unchecked":0,"uncheckedKeysByFile":[],"unmatched":0,"updated":0},"startTime":1763922778977,"success":true,"testResults":[{"assertionResults":[{"ancestorTitles":["Payment service routes"],"duration":17,"failureDetails":[],"failureMessages":[],"fullName":"Payment service routes GET /health returns ok","invocations":1,"location":null,"numPassingAsserts":2,"retryReasons":[],"status":"passed","title":"GET /health returns ok"},{"ancestorTitles":["Payment service routes"],"duration":20,"failureDetails":[],"failureMessages":[],"fullName":"Payment service routes POST /api/payment/initiate (mocked) returns clientSecret","invocations":1,"location":null,"numPassingAsserts":2,"retryReasons":[],"status":"passed","title":"POST /api/payment/initiate (mocked) returns clientSecret"},{"ancestorTitles":["Payment service routes"],"duration":4,"failureDetails":[],"failureMessages":[],"fullName":"Payment service routes POST /api/payment/initiateCOD (mocked) returns paymentId","invocations":1,"location":null,"numPassingAsserts":2,"retryReasons":[],"status":"passed","title":"POST /api/payment/initiateCOD (mocked) returns paymentId"},{"ancestorTitles":["Payment service routes"],"duration":4,"failureDetails":[],"failureMessages":[],"fullName":"Payment service routes POST /api/payment/webhook returns received","invocations":1,"location":null,"numPassingAsserts":2,"retryReasons":[],"status":"passed","title":"POST /api/payment/webhook returns received"}],"endTime":1763922779555,"message":"","name":"D:\\cnpm\\cnpm\\payment-service\\__tests__\\app.test.js","startTime":1763922779022,"status":"passed","summary":""}],"wasInterrupted":false}
